  Miljenko_Petrovic_zavrsni_func_admin.c
C:\Users\Mimo\source\repos\Miljenko_Petrovic_Zavrsni_Rad\Miljenko_Petrovic_Zavrsni_Rad\Miljenko_Petrovic_zavrsni_func_admin.c(145,13): warning C4101: 'j': unreferenced local variable
C:\Users\Mimo\source\repos\Miljenko_Petrovic_Zavrsni_Rad\Miljenko_Petrovic_Zavrsni_Rad\Miljenko_Petrovic_zavrsni_func_admin.c(323,30): warning C4098: 'brisanjeSastojaka': 'void' function returning a value
C:\Users\Mimo\source\repos\Miljenko_Petrovic_Zavrsni_Rad\Miljenko_Petrovic_Zavrsni_Rad\Miljenko_Petrovic_zavrsni_func_admin.c(330,30): warning C4098: 'brisanjeSastojaka': 'void' function returning a value
C:\Users\Mimo\source\repos\Miljenko_Petrovic_Zavrsni_Rad\Miljenko_Petrovic_Zavrsni_Rad\Miljenko_Petrovic_zavrsni_func_admin.c(338,81): warning C4047: '!=': 'size_t' differs in levels of indirection from 'void *'
C:\Users\Mimo\source\repos\Miljenko_Petrovic_Zavrsni_Rad\Miljenko_Petrovic_Zavrsni_Rad\Miljenko_Petrovic_zavrsni_func_admin.c(377,30): warning C4098: 'brisanjeSastojaka': 'void' function returning a value
C:\Users\Mimo\source\repos\Miljenko_Petrovic_Zavrsni_Rad\Miljenko_Petrovic_Zavrsni_Rad\Miljenko_Petrovic_zavrsni_func_admin.c(384,30): warning C4098: 'brisanjeSastojaka': 'void' function returning a value
C:\Users\Mimo\source\repos\Miljenko_Petrovic_Zavrsni_Rad\Miljenko_Petrovic_Zavrsni_Rad\Miljenko_Petrovic_zavrsni_func_admin.c(392,81): warning C4047: '!=': 'size_t' differs in levels of indirection from 'void *'
C:\Users\Mimo\source\repos\Miljenko_Petrovic_Zavrsni_Rad\Miljenko_Petrovic_Zavrsni_Rad\Miljenko_Petrovic_zavrsni_func_admin.c(436,26): warning C4098: 'brisanjeSastojaka': 'void' function returning a value
C:\Users\Mimo\source\repos\Miljenko_Petrovic_Zavrsni_Rad\Miljenko_Petrovic_Zavrsni_Rad\Miljenko_Petrovic_zavrsni_func_admin.c(443,26): warning C4098: 'brisanjeSastojaka': 'void' function returning a value
C:\Users\Mimo\source\repos\Miljenko_Petrovic_Zavrsni_Rad\Miljenko_Petrovic_Zavrsni_Rad\Miljenko_Petrovic_zavrsni_func_admin.c(451,81): warning C4047: '!=': 'size_t' differs in levels of indirection from 'void *'
C:\Users\Mimo\source\repos\Miljenko_Petrovic_Zavrsni_Rad\Miljenko_Petrovic_Zavrsni_Rad\Miljenko_Petrovic_zavrsni_func_admin.c(489,26): warning C4098: 'brisanjeSastojaka': 'void' function returning a value
C:\Users\Mimo\source\repos\Miljenko_Petrovic_Zavrsni_Rad\Miljenko_Petrovic_Zavrsni_Rad\Miljenko_Petrovic_zavrsni_func_admin.c(496,26): warning C4098: 'brisanjeSastojaka': 'void' function returning a value
C:\Users\Mimo\source\repos\Miljenko_Petrovic_Zavrsni_Rad\Miljenko_Petrovic_Zavrsni_Rad\Miljenko_Petrovic_zavrsni_func_admin.c(504,79): warning C4047: '!=': 'size_t' differs in levels of indirection from 'void *'
C:\Users\Mimo\source\repos\Miljenko_Petrovic_Zavrsni_Rad\Miljenko_Petrovic_Zavrsni_Rad\Miljenko_Petrovic_zavrsni_func_admin.c(301,19): warning C4101: 'check': unreferenced local variable
C:\Users\Mimo\source\repos\Miljenko_Petrovic_Zavrsni_Rad\Miljenko_Petrovic_Zavrsni_Rad\Miljenko_Petrovic_zavrsni_func_admin.c(301,16): warning C4101: 'j': unreferenced local variable
C:\Users\Mimo\source\repos\Miljenko_Petrovic_Zavrsni_Rad\Miljenko_Petrovic_Zavrsni_Rad\Miljenko_Petrovic_zavrsni_func_admin.c(560,41): warning C4013: 'srcsal' undefined; assuming extern returning int
C:\Users\Mimo\source\repos\Miljenko_Petrovic_Zavrsni_Rad\Miljenko_Petrovic_Zavrsni_Rad\Miljenko_Petrovic_zavrsni_func_admin.c(560,52): warning C4013: 'srcnam' undefined; assuming extern returning int
C:\Users\Mimo\source\repos\Miljenko_Petrovic_Zavrsni_Rad\Miljenko_Petrovic_Zavrsni_Rad\Miljenko_Petrovic_zavrsni_func_admin.c(560,54): warning C4244: '=': conversion from 'int' to 'float', possible loss of data
C:\Users\Mimo\source\repos\Miljenko_Petrovic_Zavrsni_Rad\Miljenko_Petrovic_Zavrsni_Rad\Miljenko_Petrovic_zavrsni_func_admin.c(625,71): warning C4047: '!=': 'size_t' differs in levels of indirection from 'void *'
C:\Users\Mimo\source\repos\Miljenko_Petrovic_Zavrsni_Rad\Miljenko_Petrovic_Zavrsni_Rad\Miljenko_Petrovic_zavrsni_func_admin.c(648,30): warning C4098: 'srckruh': 'void' function returning a value
C:\Users\Mimo\source\repos\Miljenko_Petrovic_Zavrsni_Rad\Miljenko_Petrovic_Zavrsni_Rad\Miljenko_Petrovic_zavrsni_func_admin.c(675,71): warning C4047: '!=': 'size_t' differs in levels of indirection from 'void *'
C:\Users\Mimo\source\repos\Miljenko_Petrovic_Zavrsni_Rad\Miljenko_Petrovic_Zavrsni_Rad\Miljenko_Petrovic_zavrsni_func_admin.c(683,71): warning C4047: '!=': 'size_t' differs in levels of indirection from 'void *'
C:\Users\Mimo\source\repos\Miljenko_Petrovic_Zavrsni_Rad\Miljenko_Petrovic_Zavrsni_Rad\Miljenko_Petrovic_zavrsni_func_admin.c(696,30): warning C4244: 'return': conversion from 'float' to 'int', possible loss of data
C:\Users\Mimo\source\repos\Miljenko_Petrovic_Zavrsni_Rad\Miljenko_Petrovic_Zavrsni_Rad\Miljenko_Petrovic_zavrsni_func_admin.c(725,75): warning C4047: '!=': 'size_t' differs in levels of indirection from 'void *'
C:\Users\Mimo\source\repos\Miljenko_Petrovic_Zavrsni_Rad\Miljenko_Petrovic_Zavrsni_Rad\Miljenko_Petrovic_zavrsni_func_admin.c(732,75): warning C4047: '!=': 'size_t' differs in levels of indirection from 'void *'
C:\Users\Mimo\source\repos\Miljenko_Petrovic_Zavrsni_Rad\Miljenko_Petrovic_Zavrsni_Rad\Miljenko_Petrovic_zavrsni_func_admin.c(745,28): warning C4244: 'return': conversion from 'float' to 'int', possible loss of data
C:\Users\Mimo\source\repos\Miljenko_Petrovic_Zavrsni_Rad\Miljenko_Petrovic_Zavrsni_Rad\Miljenko_Petrovic_zavrsni_func_admin.c(714,9): warning C4101: 'x': unreferenced local variable
C:\Users\Mimo\source\repos\Miljenko_Petrovic_Zavrsni_Rad\Miljenko_Petrovic_Zavrsni_Rad\Miljenko_Petrovic_zavrsni_func_admin.c(774,73): warning C4047: '!=': 'size_t' differs in levels of indirection from 'void *'
C:\Users\Mimo\source\repos\Miljenko_Petrovic_Zavrsni_Rad\Miljenko_Petrovic_Zavrsni_Rad\Miljenko_Petrovic_zavrsni_func_admin.c(781,73): warning C4047: '!=': 'size_t' differs in levels of indirection from 'void *'
C:\Users\Mimo\source\repos\Miljenko_Petrovic_Zavrsni_Rad\Miljenko_Petrovic_Zavrsni_Rad\Miljenko_Petrovic_zavrsni_func_admin.c(794,29): warning C4244: 'return': conversion from 'float' to 'int', possible loss of data
C:\Users\Mimo\source\repos\Miljenko_Petrovic_Zavrsni_Rad\Miljenko_Petrovic_Zavrsni_Rad\Miljenko_Petrovic_zavrsni_func_admin.c(763,9): warning C4101: 'x': unreferenced local variable
C:\Users\Mimo\source\repos\Miljenko_Petrovic_Zavrsni_Rad\Miljenko_Petrovic_Zavrsni_Rad\Miljenko_Petrovic_zavrsni_func_admin.c(840,79): warning C4047: '!=': 'size_t' differs in levels of indirection from 'void *'
C:\Users\Mimo\source\repos\Miljenko_Petrovic_Zavrsni_Rad\Miljenko_Petrovic_Zavrsni_Rad\Miljenko_Petrovic_zavrsni_func_admin.c(861,79): warning C4047: '!=': 'size_t' differs in levels of indirection from 'void *'
C:\Users\Mimo\source\repos\Miljenko_Petrovic_Zavrsni_Rad\Miljenko_Petrovic_Zavrsni_Rad\Miljenko_Petrovic_zavrsni_func_admin.c(881,83): warning C4047: '!=': 'size_t' differs in levels of indirection from 'void *'
C:\Users\Mimo\source\repos\Miljenko_Petrovic_Zavrsni_Rad\Miljenko_Petrovic_Zavrsni_Rad\Miljenko_Petrovic_zavrsni_func_admin.c(901,81): warning C4047: '!=': 'size_t' differs in levels of indirection from 'void *'
C:\Users\Mimo\source\repos\Miljenko_Petrovic_Zavrsni_Rad\Miljenko_Petrovic_Zavrsni_Rad\Miljenko_Petrovic_zavrsni_func_admin.c(924,28): warning C4477: 'printf' : format string '%s' requires an argument of type 'char *', but variadic argument 8 has type 'double'
C:\Users\Mimo\source\repos\Miljenko_Petrovic_Zavrsni_Rad\Miljenko_Petrovic_Zavrsni_Rad\Miljenko_Petrovic_zavrsni_func_admin.c(924,28): warning C4473: 'printf' : not enough arguments passed for format string
C:\Users\Mimo\source\repos\Miljenko_Petrovic_Zavrsni_Rad\Miljenko_Petrovic_Zavrsni_Rad\Miljenko_Petrovic_zavrsni_func_admin.c(924,28): message : placeholders and their parameters expect 12 variadic arguments, but 8 were provided
C:\Users\Mimo\source\repos\Miljenko_Petrovic_Zavrsni_Rad\Miljenko_Petrovic_Zavrsni_Rad\Miljenko_Petrovic_zavrsni_func_admin.c(924,28): message : the missing variadic argument 9 is required by format string '%s'
C:\Users\Mimo\source\repos\Miljenko_Petrovic_Zavrsni_Rad\Miljenko_Petrovic_Zavrsni_Rad\Miljenko_Petrovic_zavrsni_func_admin.c(827,18): warning C4101: 'c': unreferenced local variable
C:\Users\Mimo\source\repos\Miljenko_Petrovic_Zavrsni_Rad\Miljenko_Petrovic_Zavrsni_Rad\Miljenko_Petrovic_zavrsni_func_admin.c(851,18): warning C4101: 'c': unreferenced local variable
C:\Users\Mimo\source\repos\Miljenko_Petrovic_Zavrsni_Rad\Miljenko_Petrovic_Zavrsni_Rad\Miljenko_Petrovic_zavrsni_func_admin.c(708): warning C4715: 'srcmeso': not all control paths return a value
C:\Users\Mimo\source\repos\Miljenko_Petrovic_Zavrsni_Rad\Miljenko_Petrovic_Zavrsni_Rad\Miljenko_Petrovic_zavrsni_func_admin.c(757): warning C4715: 'srcsal': not all control paths return a value
C:\Users\Mimo\source\repos\Miljenko_Petrovic_Zavrsni_Rad\Miljenko_Petrovic_Zavrsni_Rad\Miljenko_Petrovic_zavrsni_func_admin.c(805): warning C4715: 'srcnam': not all control paths return a value
  Miljenko_Petrovic_Zavrsni_Rad.vcxproj -> C:\Users\Mimo\source\repos\Miljenko_Petrovic_Zavrsni_Rad\Debug\Miljenko_Petrovic_Zavrsni_Rad.exe
